#
# There is insufficient memory for the Java Runtime Environment to continue.
# Native memory allocation (mmap) failed to map 164626432 bytes. Error detail: G1 virtual space
# Possible reasons:
#   The system is out of physical RAM or swap space
#   This process is running with CompressedOops enabled, and the Java Heap may be blocking the growth of the native heap
# Possible solutions:
#   Reduce memory load on the system
#   Increase physical memory or swap space
#   Check if swap backing store is full
#   Decrease Java heap size (-Xmx/-Xms)
#   Decrease number of Java threads
#   Decrease Java thread stack sizes (-Xss)
#   Set larger code cache with -XX:ReservedCodeCacheSize=
#   JVM is running with Unscaled Compressed Oops mode in which the Java heap is
#     placed in the first 4GB address space. The Java Heap base address is the
#     maximum limit for the native heap growth. Please use -XX:HeapBaseMinAddress
#     to set the Java Heap base and to place the Java Heap above 4GB virtual address.
# This output file may be truncated or incomplete.
#
#  Out of Memory Error (os_windows.cpp:3631), pid=6388, tid=18864
#
# JRE version: OpenJDK Runtime Environment (22.0+36) (build 22+36-2370)
# Java VM: OpenJDK 64-Bit Server VM (22+36-2370, mixed mode, emulated-client, sharing, tiered, compressed oops, compressed class ptrs, g1 gc, windows-amd64)
# No core dump will be written. Minidumps are not enabled by default on client versions of Windows
#

---------------  S U M M A R Y ------------

Command Line: -XX:TieredStopAtLevel=1 -Dspring.output.ansi.enabled=always -Dcom.sun.management.jmxremote -Dspring.jmx.enabled=true -Dspring.liveBeansView.mbeanDomain -Dspring.application.admin.enabled=true -Dmanagement.endpoints.jmx.exposure.include=* -javaagent:C:\Users\hema\AppData\Local\Programs\IntelliJ IDEA Ultimate\lib\idea_rt.jar=53449:C:\Users\hema\AppData\Local\Programs\IntelliJ IDEA Ultimate\bin -Dfile.encoding=UTF-8 -Dsun.stdout.encoding=UTF-8 -Dsun.stderr.encoding=UTF-8 com.lms.LearningManagementSystem.LearningManagementSystemApplication

Host: Intel(R) Core(TM) i5-2400 CPU @ 3.10GHz, 4 cores, 3G,  Windows 10 , 64 bit Build 19041 (10.0.19041.5198)
Time: Mon Dec 23 19:32:43 2024 Egypt Standard Time elapsed time: 8521.337853 seconds (0d 2h 22m 1s)

---------------  T H R E A D  ---------------

Current thread (0x0000028aa2202eb0):  VMThread "VM Thread"          [id=18864, stack(0x000000f2fa700000,0x000000f2fa800000) (1024K)]

Stack: [0x000000f2fa700000,0x000000f2fa800000]
Native frames: (J=compiled Java code, j=interpreted, Vv=VM code, C=native code)
V  [jvm.dll+0x6e2349]  (no source info available)
V  [jvm.dll+0x874ed3]  (no source info available)
V  [jvm.dll+0x8772fe]  (no source info available)
V  [jvm.dll+0x8779d3]  (no source info available)
V  [jvm.dll+0x27fcb6]  (no source info available)
V  [jvm.dll+0x6de9e5]  (no source info available)
V  [jvm.dll+0x6d34ea]  (no source info available)
V  [jvm.dll+0x35892a]  (no source info available)
V  [jvm.dll+0x360e56]  (no source info available)
V  [jvm.dll+0x3b3d7e]  (no source info available)
V  [jvm.dll+0x3b4028]  (no source info available)
V  [jvm.dll+0x32c4ec]  (no source info available)
V  [jvm.dll+0x32c577]  (no source info available)
V  [jvm.dll+0x3721ec]  (no source info available)
V  [jvm.dll+0x3708e6]  (no source info available)
V  [jvm.dll+0x32bbd7]  (no source info available)
V  [jvm.dll+0x3700a4]  (no source info available)
V  [jvm.dll+0x87d870]  (no source info available)
V  [jvm.dll+0x87ebf7]  (no source info available)
V  [jvm.dll+0x87f170]  (no source info available)
V  [jvm.dll+0x87f413]  (no source info available)
V  [jvm.dll+0x81d50b]  (no source info available)
V  [jvm.dll+0x6e09e5]  (no source info available)
C  [ucrtbase.dll+0x21bb2]  (no source info available)
C  [KERNEL32.DLL+0x17374]  (no source info available)
C  [ntdll.dll+0x4cc91]  (no source info available)

VM_Operation (0x000000f2fb0fd060): G1CollectForAllocation, mode: safepoint, requested by thread 0x0000028aa2fc3a80


---------------  P R O C E S S  ---------------

Threads class SMR info:
_java_thread_list=0x0000028ae9aad910, length=28, elements={
0x0000028aa221f0c0, 0x0000028aa221ffe0, 0x0000028aa2228400, 0x0000028aa2229fd0,
0x0000028aa222b1d0, 0x0000028aa222f120, 0x0000028aa223b080, 0x0000028aa242ae70,
0x0000028aa242a7e0, 0x0000028aa2428710, 0x0000028aa242b500, 0x0000028aa2428080,
0x0000028aa2428da0, 0x0000028aa2fc54c0, 0x0000028aa2fc2d60, 0x0000028aa2fbf250,
0x0000028aa2fc19b0, 0x0000028aa2fbf8e0, 0x0000028aeb319d90, 0x0000028aa2fc4e30,
0x0000028aa2fc0c90, 0x0000028aa2fc61e0, 0x0000028aa2fc3a80, 0x0000028aa2fc5b50,
0x0000028aa2fc6870, 0x0000028aa2fbff70, 0x0000028aa2fc33f0, 0x0000028aa2434720
}

Java Threads: ( => current thread )
  0x0000028aa221f0c0 JavaThread "Reference Handler"          daemon [_thread_blocked, id=20380, stack(0x000000f2fa800000,0x000000f2fa900000) (1024K)]
  0x0000028aa221ffe0 JavaThread "Finalizer"                  daemon [_thread_blocked, id=16408, stack(0x000000f2fa900000,0x000000f2faa00000) (1024K)]
  0x0000028aa2228400 JavaThread "Signal Dispatcher"          daemon [_thread_blocked, id=8012, stack(0x000000f2faa00000,0x000000f2fab00000) (1024K)]
  0x0000028aa2229fd0 JavaThread "Attach Listener"            daemon [_thread_blocked, id=18380, stack(0x000000f2fab00000,0x000000f2fac00000) (1024K)]
  0x0000028aa222b1d0 JavaThread "Service Thread"             daemon [_thread_blocked, id=15660, stack(0x000000f2fac00000,0x000000f2fad00000) (1024K)]
  0x0000028aa222f120 JavaThread "Monitor Deflation Thread"   daemon [_thread_blocked, id=2916, stack(0x000000f2fad00000,0x000000f2fae00000) (1024K)]
  0x0000028aa223b080 JavaThread "C1 CompilerThread0"         daemon [_thread_blocked, id=13104, stack(0x000000f2fae00000,0x000000f2faf00000) (1024K)]
  0x0000028aa242ae70 JavaThread "Common-Cleaner"             daemon [_thread_blocked, id=4948, stack(0x000000f2faf00000,0x000000f2fb000000) (1024K)]
  0x0000028aa242a7e0 JavaThread "Monitor Ctrl-Break"         daemon [_thread_in_native, id=6828, stack(0x000000f2fb200000,0x000000f2fb300000) (1024K)]
  0x0000028aa2428710 JavaThread "Notification Thread"        daemon [_thread_blocked, id=4860, stack(0x000000f2fb300000,0x000000f2fb400000) (1024K)]
  0x0000028aa242b500 JavaThread "RMI TCP Accept-0"           daemon [_thread_in_native, id=12328, stack(0x000000f2fb700000,0x000000f2fb800000) (1024K)]
  0x0000028aa2428080 JavaThread "RMI Scheduler(0)"           daemon [_thread_blocked, id=15728, stack(0x000000f2fb900000,0x000000f2fba00000) (1024K)]
  0x0000028aa2428da0 JavaThread "JMX server connection timeout 28" daemon [_thread_blocked, id=11916, stack(0x000000f2fba00000,0x000000f2fbb00000) (1024K)]
  0x0000028aa2fc54c0 JavaThread "mysql-cj-abandoned-connection-cleanup" daemon [_thread_blocked, id=6308, stack(0x000000f2fbe00000,0x000000f2fbf00000) (1024K)]
  0x0000028aa2fc2d60 JavaThread "MVStore background writer C:/Users/hema/IdeaProjects/Learning-Management-System-LMS/Learning-Management-System-LMS/LearningManagementSystem/data/lmsdb.mv.db" daemon [_thread_blocked, id=19972, stack(0x000000f2fbf00000,0x000000f2fc000000) (1024K)]
  0x0000028aa2fbf250 JavaThread "H2-serialization"           daemon [_thread_blocked, id=4760, stack(0x000000f2fc500000,0x000000f2fc600000) (1024K)]
  0x0000028aa2fc19b0 JavaThread "H2-save"                    daemon [_thread_blocked, id=6852, stack(0x000000f2fc600000,0x000000f2fc700000) (1024K)]
  0x0000028aa2fbf8e0 JavaThread "Live Reload Server"         daemon [_thread_in_native, id=260, stack(0x000000f2fc700000,0x000000f2fc800000) (1024K)]
  0x0000028aeb319d90 JavaThread "DestroyJavaVM"                     [_thread_blocked, id=18660, stack(0x000000f2fa000000,0x000000f2fa100000) (1024K)]
  0x0000028aa2fc4e30 JavaThread "RMI TCP Connection(33)-192.168.56.1" daemon [_thread_blocked, id=9480, stack(0x000000f2f9d00000,0x000000f2f9e00000) (1024K)]
  0x0000028aa2fc0c90 JavaThread "RMI TCP Connection(idle)"   daemon [_thread_blocked, id=20144, stack(0x000000f2f9e00000,0x000000f2f9f00000) (1024K)]
  0x0000028aa2fc61e0 JavaThread "Thread-24"                         [_thread_blocked, id=2436, stack(0x000000f2f9f00000,0x000000f2fa000000) (1024K)]
  0x0000028aa2fc3a80 JavaThread "restartedMain"                     [_thread_blocked, id=7588, stack(0x000000f2fb000000,0x000000f2fb100000) (1024K)]
  0x0000028aa2fc5b50 JavaThread "HikariPool-7 housekeeper"   daemon [_thread_blocked, id=11992, stack(0x000000f2fb800000,0x000000f2fb900000) (1024K)]
  0x0000028aa2fc6870 JavaThread "Catalina-utility-1"                [_thread_blocked, id=13640, stack(0x000000f2fbc00000,0x000000f2fbd00000) (1024K)]
  0x0000028aa2fbff70 JavaThread "Catalina-utility-2"                [_thread_blocked, id=17532, stack(0x000000f2fbd00000,0x000000f2fbe00000) (1024K)]
  0x0000028aa2fc33f0 JavaThread "container-0"                       [_thread_blocked, id=5792, stack(0x000000f2fc000000,0x000000f2fc100000) (1024K)]
  0x0000028aa2434720 JavaThread "C1 CompilerThread1"         daemon [_thread_blocked, id=3276, stack(0x000000f2fc100000,0x000000f2fc200000) (1024K)]
Total: 28

Other Threads:
=>0x0000028aa2202eb0 VMThread "VM Thread"                           [id=18864, stack(0x000000f2fa700000,0x000000f2fa800000) (1024K)]
  0x0000028a9392ec30 WatcherThread "VM Periodic Task Thread"        [id=11148, stack(0x000000f2fa600000,0x000000f2fa700000) (1024K)]
  0x0000028a938bf540 WorkerThread "GC Thread#0"                     [id=19660, stack(0x000000f2fa100000,0x000000f2fa200000) (1024K)]
  0x0000028aa2203260 WorkerThread "GC Thread#1"                     [id=9448, stack(0x000000f2fb400000,0x000000f2fb500000) (1024K)]
  0x0000028aa2203610 WorkerThread "GC Thread#2"                     [id=14700, stack(0x000000f2fb500000,0x000000f2fb600000) (1024K)]
  0x0000028aa2201ff0 WorkerThread "GC Thread#3"                     [id=7004, stack(0x000000f2fb600000,0x000000f2fb700000) (1024K)]
  0x0000028a938c6cd0 ConcurrentGCThread "G1 Main Marker"            [id=9548, stack(0x000000f2fa200000,0x000000f2fa300000) (1024K)]
  0x0000028a938c78a0 WorkerThread "G1 Conc#0"                       [id=15552, stack(0x000000f2fa300000,0x000000f2fa400000) (1024K)]
  0x0000028a93920760 ConcurrentGCThread "G1 Refine#0"               [id=7148, stack(0x000000f2fa400000,0x000000f2fa500000) (1024K)]
  0x0000028a939211f0 ConcurrentGCThread "G1 Service"                [id=12724, stack(0x000000f2fa500000,0x000000f2fa600000) (1024K)]
Total: 10

Threads with active compile tasks:
Total: 0

VM state: at safepoint (normal execution)

VM Mutex/Monitor currently owned by a thread:  ([mutex/lock_event])
[0x00007ffc3f48cbc8] Threads_lock - owner thread: 0x0000028aa2202eb0
[0x00007ffc3f48ccc8] Heap_lock - owner thread: 0x0000028aa2fc3a80

Heap address: 0x00000000c0c00000, size: 1012 MB, Compressed Oops mode: 32-bit

CDS archive(s) mapped at: [0x0000028aa3000000-0x0000028aa3c50000-0x0000028aa3c50000), size 12910592, SharedBaseAddress: 0x0000028aa3000000, ArchiveRelocationMode: 1.
Compressed class space mapped at: 0x0000028aa4000000-0x0000028ae4000000, reserved size: 1073741824
Narrow klass base: 0x0000028aa3000000, Narrow klass shift: 0, Narrow klass range: 0x41000000

GC Precious Log:
 CardTable entry size: 512
 Card Set container configuration: InlinePtr #cards 5 size 8 Array Of Cards #cards 12 size 40 Howl #buckets 4 coarsen threshold 1843 Howl Bitmap #cards 512 size 80 coarsen threshold 460 Card regions per heap region 1 cards per card region 2048
 CPUs: 4 total, 4 available
 Memory: 4040M
 Large Page Support: Disabled
 NUMA Support: Disabled
 Compressed Oops: Enabled (32-bit)
 Heap Region Size: 1M
 Heap Min Capacity: 8M
 Heap Initial Capacity: 64M
 Heap Max Capacity: 1012M
 Pre-touch: Disabled
 Parallel Workers: 4
 Concurrent Workers: 1
 Concurrent Refinement Workers: 4
 Periodic GC: Disabled

Heap:
 garbage-first heap   total reserved 1036288K, committed 97280K, used 50175K [0x00000000c0c00000, 0x0000000100000000)
  region size 1024K, 2 young (2048K), 2 survivors (2048K)
 Metaspace       used 86497K, committed 87488K, reserved 1179648K
  class space    used 12355K, committed 12800K, reserved 1048576K

Heap Regions: E=young(eden), S=young(survivor), O=old, HS=humongous(starts), HC=humongous(continues), CS=collection set, F=free, TAMS=top-at-mark-start, PB=parsable bottom
|   0|0x00000000c0c00000, 0x00000000c0d00000, 0x00000000c0d00000|100%|HS|  |TAMS 0x00000000c0d00000| PB 0x00000000c0c00000| Complete |  0
|   1|0x00000000c0d00000, 0x00000000c0e00000, 0x00000000c0e00000|100%|HS|  |TAMS 0x00000000c0e00000| PB 0x00000000c0d00000| Complete |  0
|   2|0x00000000c0e00000, 0x00000000c0f00000, 0x00000000c0f00000|100%| O|  |TAMS 0x00000000c0f00000| PB 0x00000000c0e00000| Untracked |  0
|   3|0x00000000c0f00000, 0x00000000c1000000, 0x00000000c1000000|100%| O|  |TAMS 0x00000000c1000000| PB 0x00000000c0f00000| Untracked |  0
|   4|0x00000000c1000000, 0x00000000c1100000, 0x00000000c1100000|100%| O|  |TAMS 0x00000000c1100000| PB 0x00000000c1000000| Untracked |  0
|   5|0x00000000c1100000, 0x00000000c1200000, 0x00000000c1200000|100%| O|  |TAMS 0x00000000c1200000| PB 0x00000000c1100000| Untracked |  0
|   6|0x00000000c1200000, 0x00000000c12ffff8, 0x00000000c1300000| 99%| O|  |TAMS 0x00000000c12ffff8| PB 0x00000000c1200000| Untracked |  0
|   7|0x00000000c1300000, 0x00000000c13fffe8, 0x00000000c1400000| 99%| O|  |TAMS 0x00000000c13fffe8| PB 0x00000000c1300000| Untracked |  0
|   8|0x00000000c1400000, 0x00000000c1500000, 0x00000000c1500000|100%| O|  |TAMS 0x00000000c1500000| PB 0x00000000c1400000| Untracked |  0
|   9|0x00000000c1500000, 0x00000000c15ffff0, 0x00000000c1600000| 99%| O|  |TAMS 0x00000000c15ffff0| PB 0x00000000c1500000| Untracked |  0
|  10|0x00000000c1600000, 0x00000000c16ffff0, 0x00000000c1700000| 99%| O|  |TAMS 0x00000000c16ffff0| PB 0x00000000c1600000| Untracked |  0
|  11|0x00000000c1700000, 0x00000000c17fb708, 0x00000000c1800000| 98%| O|  |TAMS 0x00000000c17fb708| PB 0x00000000c1700000| Untracked |  0
|  12|0x00000000c1800000, 0x00000000c18ffff0, 0x00000000c1900000| 99%| O|  |TAMS 0x00000000c18ffff0| PB 0x00000000c1800000| Untracked |  0
|  13|0x00000000c1900000, 0x00000000c19ff6b0, 0x00000000c1a00000| 99%| O|  |TAMS 0x00000000c19ff6b0| PB 0x00000000c1900000| Untracked |  0
|  14|0x00000000c1a00000, 0x00000000c1b00000, 0x00000000c1b00000|100%| O|  |TAMS 0x00000000c1b00000| PB 0x00000000c1a00000| Untracked |  0
|  15|0x00000000c1b00000, 0x00000000c1c00000, 0x00000000c1c00000|100%| O|  |TAMS 0x00000000c1c00000| PB 0x00000000c1b00000| Untracked |  0
|  16|0x00000000c1c00000, 0x00000000c1cfffb8, 0x00000000c1d00000| 99%| O|  |TAMS 0x00000000c1cfffb8| PB 0x00000000c1c00000| Untracked |  0
|  17|0x00000000c1d00000, 0x00000000c1dffff0, 0x00000000c1e00000| 99%| O|  |TAMS 0x00000000c1dffff0| PB 0x00000000c1d00000| Untracked |  0
|  18|0x00000000c1e00000, 0x00000000c1efffa0, 0x00000000c1f00000| 99%| O|  |TAMS 0x00000000c1efffa0| PB 0x00000000c1e00000| Untracked |  0
|  19|0x00000000c1f00000, 0x00000000c1ffffe8, 0x00000000c2000000| 99%| O|  |TAMS 0x00000000c1ffffe8| PB 0x00000000c1f00000| Untracked |  0
|  20|0x00000000c2000000, 0x00000000c20ffff8, 0x00000000c2100000| 99%| O|  |TAMS 0x00000000c20ffff8| PB 0x00000000c2000000| Untracked |  0
|  21|0x00000000c2100000, 0x00000000c2200000, 0x00000000c2200000|100%| O|  |TAMS 0x00000000c2200000| PB 0x00000000c2100000| Untracked |  0
|  22|0x00000000c2200000, 0x00000000c22ffff0, 0x00000000c2300000| 99%| O|  |TAMS 0x00000000c22ffff0| PB 0x00000000c2200000| Untracked |  0
|  23|0x00000000c2300000, 0x00000000c23fffe0, 0x00000000c2400000| 99%| O|  |TAMS 0x00000000c23fffe0| PB 0x00000000c2300000| Untracked |  0
|  24|0x00000000c2400000, 0x00000000c24ffff0, 0x00000000c2500000| 99%| O|  |TAMS 0x00000000c24ffff0| PB 0x00000000c2400000| Untracked |  0
|  25|0x00000000c2500000, 0x00000000c25fffe0, 0x00000000c2600000| 99%| O|  |TAMS 0x00000000c25fffe0| PB 0x00000000c2500000| Untracked |  0
|  26|0x00000000c2600000, 0x00000000c26fffe8, 0x00000000c2700000| 99%| O|  |TAMS 0x00000000c26fffe8| PB 0x00000000c2600000| Untracked |  0
|  27|0x00000000c2700000, 0x00000000c27fffe8, 0x00000000c2800000| 99%| O|  |TAMS 0x00000000c27fffe8| PB 0x00000000c2700000| Untracked |  0
|  28|0x00000000c2800000, 0x00000000c2900000, 0x00000000c2900000|100%|HS|  |TAMS 0x00000000c2900000| PB 0x00000000c2800000| Complete |  0
|  29|0x00000000c2900000, 0x00000000c2a00000, 0x00000000c2a00000|100%|HC|  |TAMS 0x00000000c2a00000| PB 0x00000000c2900000| Complete |  0
|  30|0x00000000c2a00000, 0x00000000c2affff8, 0x00000000c2b00000| 99%| O|  |TAMS 0x00000000c2affff8| PB 0x00000000c2a00000| Untracked |  0
|  31|0x00000000c2b00000, 0x00000000c2bfffe0, 0x00000000c2c00000| 99%| O|  |TAMS 0x00000000c2bfffe0| PB 0x00000000c2b00000| Untracked |  0
|  32|0x00000000c2c00000, 0x00000000c2ce8030, 0x00000000c2d00000| 90%| O|  |TAMS 0x00000000c2ce8030| PB 0x00000000c2c00000| Untracked |  0
|  33|0x00000000c2d00000, 0x00000000c2dffff8, 0x00000000c2e00000| 99%| O|  |TAMS 0x00000000c2dffff8| PB 0x00000000c2d00000| Untracked |  0
|  34|0x00000000c2e00000, 0x00000000c2f00000, 0x00000000c2f00000|100%| O|  |TAMS 0x00000000c2f00000| PB 0x00000000c2e00000| Untracked |  0
|  35|0x00000000c2f00000, 0x00000000c3000000, 0x00000000c3000000|100%| O|  |TAMS 0x00000000c3000000| PB 0x00000000c2f00000| Untracked |  0
|  36|0x00000000c3000000, 0x00000000c3100000, 0x00000000c3100000|100%| O|  |TAMS 0x00000000c3100000| PB 0x00000000c3000000| Untracked |  0
|  37|0x00000000c3100000, 0x00000000c3200000, 0x00000000c3200000|100%| O|  |TAMS 0x00000000c3200000| PB 0x00000000c3100000| Untracked |  0
|  38|0x00000000c3200000, 0x00000000c3300000, 0x00000000c3300000|100%| O|  |TAMS 0x00000000c3300000| PB 0x00000000c3200000| Untracked |  0
|  39|0x00000000c3300000, 0x00000000c3400000, 0x00000000c3400000|100%| O|  |TAMS 0x00000000c3400000| PB 0x00000000c3300000| Untracked |  0
|  40|0x00000000c3400000, 0x00000000c3500000, 0x00000000c3500000|100%| O|  |TAMS 0x00000000c3500000| PB 0x00000000c3400000| Untracked |  0
|  41|0x00000000c3500000, 0x00000000c3600000, 0x00000000c3600000|100%| O|  |TAMS 0x00000000c3600000| PB 0x00000000c3500000| Untracked |  0
|  42|0x00000000c3600000, 0x00000000c3700000, 0x00000000c3700000|100%| O|  |TAMS 0x00000000c3700000| PB 0x00000000c3600000| Untracked |  0
|  43|0x00000000c3700000, 0x00000000c3800000, 0x00000000c3800000|100%| O|  |TAMS 0x00000000c3800000| PB 0x00000000c3700000| Untracked |  0
|  44|0x00000000c3800000, 0x00000000c3800000, 0x00000000c3900000|  0%| F|  |TAMS 0x00000000c3800000| PB 0x00000000c3800000| Untracked |  0
|  45|0x00000000c3900000, 0x00000000c3a00000, 0x00000000c3a00000|100%| O|  |TAMS 0x00000000c3a00000| PB 0x00000000c3900000| Untracked |  0
|  46|0x00000000c3a00000, 0x00000000c3b00000, 0x00000000c3b00000|100%| O|  |TAMS 0x00000000c3b00000| PB 0x00000000c3a00000| Untracked |  0
|  47|0x00000000c3b00000, 0x00000000c3b00000, 0x00000000c3c00000|  0%| F|  |TAMS 0x00000000c3b00000| PB 0x00000000c3b00000| Untracked |  0
|  48|0x00000000c3c00000, 0x00000000c3c00000, 0x00000000c3d00000|  0%| F|  |TAMS 0x00000000c3c00000| PB 0x00000000c3c00000| Untracked |  0
|  49|0x00000000c3d00000, 0x00000000c3d00000, 0x00000000c3e00000|  0%| F|  |TAMS 0x00000000c3d00000| PB 0x00000000c3d00000| Untracked |  0
|  50|0x00000000c3e00000, 0x00000000c3f00000, 0x00000000c3f00000|100%| O|  |TAMS 0x00000000c3f00000| PB 0x00000000c3e00000| Untracked |  0
|  51|0x00000000c3f00000, 0x00000000c3f1d100, 0x00000000c4000000| 11%| O|  |TAMS 0x00000000c3f1d100| PB 0x00000000c3f00000| Untracked |  0
|  52|0x00000000c4000000, 0x00000000c4000000, 0x00000000c4100000|  0%| F|  |TAMS 0x00000000c4000000| PB 0x00000000c4000000| Untracked |  0
|  53|0x00000000c4100000, 0x00000000c4100000, 0x00000000c4200000|  0%| F|  |TAMS 0x00000000c4100000| PB 0x00000000c4100000| Untracked |  0
|  54|0x00000000c4200000, 0x00000000c4300000, 0x00000000c4300000|100%| S|CS|TAMS 0x00000000c4200000| PB 0x00000000c4200000| Complete |  0
|  55|0x00000000c4300000, 0x00000000c4400000, 0x00000000c4400000|100%| S|CS|TAMS 0x00000000c4300000| PB 0x00000000c4300000| Complete |  0
|  56|0x00000000c4400000, 0x00000000c4400000, 0x00000000c4500000|  0%| F|  |TAMS 0x00000000c4400000| PB 0x00000000c4400000| Untracked |  0
|  57|0x00000000c4500000, 0x00000000c4500000, 0x00000000c4600000|  0%| F|  |TAMS 0x00000000c4500000| PB 0x00000000c4500000| Untracked |  0
|  58|0x00000000c4600000, 0x00000000c4600000, 0x00000000c4700000|  0%| F|  |TAMS 0x00000000c4600000| PB 0x00000000c4600000| Untracked |  0
|  59|0x00000000c4700000, 0x00000000c4700000, 0x00000000c4800000|  0%| F|  |TAMS 0x00000000c4700000| PB 0x00000000c4700000| Untracked |  0
|  60|0x00000000c4800000, 0x00000000c4800000, 0x00000000c4900000|  0%| F|  |TAMS 0x00000000c4800000| PB 0x00000000c4800000| Untracked |  0
|  61|0x00000000c4900000, 0x00000000c4900000, 0x00000000c4a00000|  0%| F|  |TAMS 0x00000000c4900000| PB 0x00000000c4900000| Untracked |  0
|  62|0x00000000c4a00000, 0x00000000c4a00000, 0x00000000c4b00000|  0%| F|  |TAMS 0x00000000c4a00000| PB 0x00000000c4a00000| Untracked |  0
|  63|0x00000000c4b00000, 0x00000000c4b00000, 0x00000000c4c00000|  0%| F|  |TAMS 0x00000000c4b00000| PB 0x00000000c4b00000| Untracked |  0
|  64|0x00000000c4c00000, 0x00000000c4c00000, 0x00000000c4d00000|  0%| F|  |TAMS 0x00000000c4c00000| PB 0x00000000c4c00000| Untracked |  0
|  65|0x00000000c4d00000, 0x00000000c4d00000, 0x00000000c4e00000|  0%| F|  |TAMS 0x00000000c4d00000| PB 0x00000000c4d00000| Untracked |  0
|  66|0x00000000c4e00000, 0x00000000c4e00000, 0x00000000c4f00000|  0%| F|  |TAMS 0x00000000c4e00000| PB 0x00000000c4e00000| Untracked |  0
|  67|0x00000000c4f00000, 0x00000000c4f00000, 0x00000000c5000000|  0%| F|  |TAMS 0x00000000c4f00000| PB 0x00000000c4f00000| Untracked |  0
|  68|0x00000000c5000000, 0x00000000c5000000, 0x00000000c5100000|  0%| F|  |TAMS 0x00000000c5000000| PB 0x00000000c5000000| Untracked |  0
|  69|0x00000000c5100000, 0x00000000c5100000, 0x00000000c5200000|  0%| F|  |TAMS 0x00000000c5100000| PB 0x00000000c5100000| Untracked |  0
|  70|0x00000000c5200000, 0x00000000c5200000, 0x00000000c5300000|  0%| F|  |TAMS 0x00000000c5200000| PB 0x00000000c5200000| Untracked |  0
|  71|0x00000000c5300000, 0x00000000c5300000, 0x00000000c5400000|  0%| F|  |TAMS 0x00000000c5300000| PB 0x00000000c5300000| Untracked |  0
|  72|0x00000000c5400000, 0x00000000c5400000, 0x00000000c5500000|  0%| F|  |TAMS 0x00000000c5400000| PB 0x00000000c5400000| Untracked |  0
|  73|0x00000000c5500000, 0x00000000c5500000, 0x00000000c5600000|  0%| F|  |TAMS 0x00000000c5500000| PB 0x00000000c5500000| Untracked |  0
|  74|0x00000000c5600000, 0x00000000c5600000, 0x00000000c5700000|  0%| F|  |TAMS 0x00000000c5600000| PB 0x00000000c5600000| Untracked |  0
|  75|0x00000000c5700000, 0x00000000c5700000, 0x00000000c5800000|  0%| F|  |TAMS 0x00000000c5700000| PB 0x00000000c5700000| Untracked |  0
|  76|0x00000000c5800000, 0x00000000c5800000, 0x00000000c5900000|  0%| F|  |TAMS 0x00000000c5800000| PB 0x00000000c5800000| Untracked |  0
|  77|0x00000000c5900000, 0x00000000c5900000, 0x00000000c5a00000|  0%| F|  |TAMS 0x00000000c5900000| PB 0x00000000c5900000| Untracked |  0
|  78|0x00000000c5a00000, 0x00000000c5a00000, 0x00000000c5b00000|  0%| F|  |TAMS 0x00000000c5a00000| PB 0x00000000c5a00000| Untracked |  0
|  79|0x00000000c5b00000, 0x00000000c5b00000, 0x00000000c5c00000|  0%| F|  |TAMS 0x00000000c5b00000| PB 0x00000000c5b00000| Untracked |  0
|  80|0x00000000c5c00000, 0x00000000c5c00000, 0x00000000c5d00000|  0%| F|  |TAMS 0x00000000c5c00000| PB 0x00000000c5c00000| Untracked |  0
|  81|0x00000000c5d00000, 0x00000000c5d00000, 0x00000000c5e00000|  0%| F|  |TAMS 0x00000000c5d00000| PB 0x00000000c5d00000| Untracked |  0
|  82|0x00000000c5e00000, 0x00000000c5e00000, 0x00000000c5f00000|  0%| F|  |TAMS 0x00000000c5e00000| PB 0x00000000c5e00000| Untracked |  0
|  83|0x00000000c5f00000, 0x00000000c5f00000, 0x00000000c6000000|  0%| F|  |TAMS 0x00000000c5f00000| PB 0x00000000c5f00000| Untracked |  0
|  84|0x00000000c6000000, 0x00000000c6000000, 0x00000000c6100000|  0%| F|  |TAMS 0x00000000c6000000| PB 0x00000000c6000000| Untracked |  0
|  85|0x00000000c6100000, 0x00000000c6100000, 0x00000000c6200000|  0%| F|  |TAMS 0x00000000c6100000| PB 0x00000000c6100000| Untracked |  0
|  86|0x00000000c6200000, 0x00000000c6200000, 0x00000000c6300000|  0%| F|  |TAMS 0x00000000c6200000| PB 0x00000000c6200000| Untracked |  0
|  87|0x00000000c6300000, 0x00000000c6300000, 0x00000000c6400000|  0%| F|  |TAMS 0x00000000c6300000| PB 0x00000000c6300000| Untracked |  0
|  88|0x00000000c6400000, 0x00000000c6400000, 0x00000000c6500000|  0%| F|  |TAMS 0x00000000c6400000| PB 0x00000000c6400000| Untracked |  0
|  89|0x00000000c6500000, 0x00000000c6500000, 0x00000000c6600000|  0%| F|  |TAMS 0x00000000c6500000| PB 0x00000000c6500000| Untracked |  0
|  90|0x00000000c6600000, 0x00000000c6600000, 0x00000000c6700000|  0%| F|  |TAMS 0x00000000c6600000| PB 0x00000000c6600000| Untracked |  0
|  91|0x00000000c6700000, 0x00000000c6700000, 0x00000000c6800000|  0%| F|  |TAMS 0x00000000c6700000| PB 0x00000000c6700000| Untracked |  0
|  92|0x00000000c6800000, 0x00000000c6800000, 0x00000000c6900000|  0%| F|  |TAMS 0x00000000c6800000| PB 0x00000000c6800000| Untracked |  0
|  93|0x00000000c6900000, 0x00000000c6900000, 0x00000000c6a00000|  0%| F|  |TAMS 0x00000000c6900000| PB 0x00000000c6900000| Untracked |  0
|  94|0x00000000c6a00000, 0x00000000c6a00000, 0x00000000c6b00000|  0%| F|  |TAMS 0x00000000c6a00000| PB 0x00000000c6a00000| Untracked |  0

Card table byte_map: [0x0000028a9ebc0000,0x0000028a9edc0000] _byte_map_base: 0x0000028a9e5ba000

Marking Bits: (CMBitMap*) 0x0000028a938bfb60
 Bits: [0x0000028a9edc0000, 0x0000028a9fd90000)

Polling page: 0x0000028a915e0000

Metaspace:

Usage:
  Non-class:     72.40 MB used.
      Class:     12.07 MB used.
       Both:     84.47 MB used.

Virtual space:
  Non-class space:      128.00 MB reserved,      72.94 MB ( 57%) committed,  2 nodes.
      Class space:        1.00 GB reserved,      12.50 MB (  1%) committed,  1 nodes.
             Both:        1.12 GB reserved,      85.44 MB (  7%) committed. 

Chunk freelists:
   Non-Class:  6.25 MB
       Class:  3.36 MB
        Both:  9.61 MB

MaxMetaspaceSize: unlimited
CompressedClassSpaceSize: 1.00 GB
Initial GC threshold: 21.00 MB
Current GC threshold: 141.81 MB
CDS: on
 - commit_granule_bytes: 65536.
 - commit_granule_words: 8192.
 - virtual_space_node_default_size: 8388608.
 - enlarge_chunks_in_place: 1.
 - use_allocation_guard: 0.


Internal statistics:

num_allocs_failed_limit: 8.
num_arena_births: 2836.
num_arena_deaths: 1580.
num_vsnodes_births: 3.
num_vsnodes_deaths: 0.
num_space_committed: 1367.
num_space_uncommitted: 0.
num_chunks_returned_to_freelist: 1889.
num_chunks_taken_from_freelist: 6610.
num_chunk_merges: 351.
num_chunk_splits: 3804.
num_chunks_enlarged: 2851.
num_inconsistent_stats: 0.

CodeCache: size=49152Kb used=17534Kb max_used=18099Kb free=31617Kb
 bounds [0x0000028a9bbc0000, 0x0000028a9cd80000, 0x0000028a9ebc0000]
 total_blobs=9683 nmethods=8889 adapters=714
 compilation: enabled
              stopped_count=0, restarted_count=0
 full_count=0

Compilation events (20 events):
Event: 8521.067 Thread 0x0000028aa223b080 26544       1       java.lang.invoke.LambdaForm$Name::<init> (9 bytes)
Event: 8521.067 Thread 0x0000028aa2434720 26545       1       java.lang.invoke.LambdaFormBuffer::insertParameter (30 bytes)
Event: 8521.067 Thread 0x0000028aa223b080 nmethod 26544 0x0000028a9cccd790 code [0x0000028a9cccd920, 0x0000028a9cccda10]
Event: 8521.067 Thread 0x0000028aa2434720 nmethod 26545 0x0000028a9cccd490 code [0x0000028a9cccd620, 0x0000028a9cccd718]
Event: 8521.078 Thread 0x0000028aa2434720 26546       1       org.springframework.context.support.AbstractApplicationContext::getEnvironment (5 bytes)
Event: 8521.078 Thread 0x0000028aa2434720 nmethod 26546 0x0000028a9cccd090 code [0x0000028a9cccd240, 0x0000028a9cccd3a0]
Event: 8521.087 Thread 0x0000028aa2434720 26547       1       org.springframework.web.util.pattern.PathPattern::<init> (170 bytes)
Event: 8521.087 Thread 0x0000028aa223b080 26548   !   1       jdk.proxy2.$Proxy26::annotationType (29 bytes)
Event: 8521.087 Thread 0x0000028aa223b080 nmethod 26548 0x0000028a9ccccb90 code [0x0000028a9ccccd40, 0x0000028a9ccccf70]
Event: 8521.087 Thread 0x0000028aa2434720 nmethod 26547 0x0000028a9cccc390 code [0x0000028a9cccc560, 0x0000028a9cccc9f8]
Event: 8521.106 Thread 0x0000028aa2434720 26549       1       java.lang.invoke.BoundMethodHandle$Species_LLL::copyWithExtendL (29 bytes)
Event: 8521.106 Thread 0x0000028aa2434720 nmethod 26549 0x0000028a9cccbf10 code [0x0000028a9cccc0c0, 0x0000028a9cccc260]
Event: 8521.140 Thread 0x0000028aa2434720 26550       1       org.springframework.web.servlet.handler.AbstractHandlerMapping::getOrder (5 bytes)
Event: 8521.140 Thread 0x0000028aa2434720 nmethod 26550 0x0000028a9cccbc10 code [0x0000028a9cccbda0, 0x0000028a9cccbe68]
Event: 8521.160 Thread 0x0000028aa2434720 26551       1       org.springframework.security.config.annotation.web.builders.FilterOrderRegistration::put (19 bytes)
Event: 8521.161 Thread 0x0000028aa2434720 nmethod 26551 0x0000028a9cccb710 code [0x0000028a9cccb8c0, 0x0000028a9cccbab8]
Event: 8521.169 Thread 0x0000028aa2434720 26552       1       java.lang.invoke.MemberName::isInvocable (8 bytes)
Event: 8521.169 Thread 0x0000028aa223b080 26553       1       java.lang.invoke.MemberName::anyFlagSet (15 bytes)
Event: 8521.169 Thread 0x0000028aa223b080 nmethod 26553 0x0000028a9cccb410 code [0x0000028a9cccb5a0, 0x0000028a9cccb680]
Event: 8521.169 Thread 0x0000028aa2434720 nmethod 26552 0x0000028a9cccb110 code [0x0000028a9cccb2a0, 0x0000028a9cccb380]

GC Heap History (20 events):
Event: 8505.107 GC heap after
{Heap after GC invocations=126 (full 6):
 garbage-first heap   total reserved 1036288K, committed 97280K, used 40457K [0x00000000c0c00000, 0x0000000100000000)
  region size 1024K, 5 young (5120K), 5 survivors (5120K)
 Metaspace       used 85648K, committed 86720K, reserved 1179648K
  class space    used 12240K, committed 12736K, reserved 1048576K
}
Event: 8505.869 GC heap before
{Heap before GC invocations=126 (full 6):
 garbage-first heap   total reserved 1036288K, committed 97280K, used 41481K [0x00000000c0c00000, 0x0000000100000000)
  region size 1024K, 6 young (6144K), 5 survivors (5120K)
 Metaspace       used 85663K, committed 86720K, reserved 1179648K
  class space    used 12245K, committed 12736K, reserved 1048576K
}
Event: 8505.924 GC heap after
{Heap after GC invocations=127 (full 6):
 garbage-first heap   total reserved 1036288K, committed 97280K, used 41280K [0x00000000c0c00000, 0x0000000100000000)
  region size 1024K, 1 young (1024K), 1 survivors (1024K)
 Metaspace       used 85663K, committed 86720K, reserved 1179648K
  class space    used 12245K, committed 12736K, reserved 1048576K
}
Event: 8507.590 GC heap before
{Heap before GC invocations=128 (full 6):
 garbage-first heap   total reserved 1036288K, committed 97280K, used 44352K [0x00000000c0c00000, 0x0000000100000000)
  region size 1024K, 4 young (4096K), 1 survivors (1024K)
 Metaspace       used 85683K, committed 86720K, reserved 1179648K
  class space    used 12250K, committed 12736K, reserved 1048576K
}
Event: 8507.600 GC heap after
{Heap after GC invocations=129 (full 6):
 garbage-first heap   total reserved 1036288K, committed 97280K, used 41266K [0x00000000c0c00000, 0x0000000100000000)
  region size 1024K, 1 young (1024K), 1 survivors (1024K)
 Metaspace       used 85683K, committed 86720K, reserved 1179648K
  class space    used 12250K, committed 12736K, reserved 1048576K
}
Event: 8508.293 GC heap before
{Heap before GC invocations=129 (full 6):
 garbage-first heap   total reserved 1036288K, committed 97280K, used 46386K [0x00000000c0c00000, 0x0000000100000000)
  region size 1024K, 6 young (6144K), 1 survivors (1024K)
 Metaspace       used 85713K, committed 86720K, reserved 1179648K
  class space    used 12258K, committed 12736K, reserved 1048576K
}
Event: 8508.298 GC heap after
{Heap after GC invocations=130 (full 6):
 garbage-first heap   total reserved 1036288K, committed 97280K, used 41678K [0x00000000c0c00000, 0x0000000100000000)
  region size 1024K, 1 young (1024K), 1 survivors (1024K)
 Metaspace       used 85713K, committed 86720K, reserved 1179648K
  class space    used 12258K, committed 12736K, reserved 1048576K
}
Event: 8511.412 GC heap before
{Heap before GC invocations=130 (full 6):
 garbage-first heap   total reserved 1036288K, committed 97280K, used 63182K [0x00000000c0c00000, 0x0000000100000000)
  region size 1024K, 23 young (23552K), 1 survivors (1024K)
 Metaspace       used 85751K, committed 86720K, reserved 1179648K
  class space    used 12269K, committed 12736K, reserved 1048576K
}
Event: 8511.420 GC heap after
{Heap after GC invocations=131 (full 6):
 garbage-first heap   total reserved 1036288K, committed 97280K, used 42738K [0x00000000c0c00000, 0x0000000100000000)
  region size 1024K, 2 young (2048K), 2 survivors (2048K)
 Metaspace       used 85751K, committed 86720K, reserved 1179648K
  class space    used 12269K, committed 12736K, reserved 1048576K
}
Event: 8513.261 GC heap before
{Heap before GC invocations=132 (full 6):
 garbage-first heap   total reserved 1036288K, committed 97280K, used 62194K [0x00000000c0c00000, 0x0000000100000000)
  region size 1024K, 21 young (21504K), 2 survivors (2048K)
 Metaspace       used 85789K, committed 86784K, reserved 1179648K
  class space    used 12279K, committed 12736K, reserved 1048576K
}
Event: 8513.271 GC heap after
{Heap after GC invocations=133 (full 6):
 garbage-first heap   total reserved 1036288K, committed 97280K, used 44106K [0x00000000c0c00000, 0x0000000100000000)
  region size 1024K, 3 young (3072K), 3 survivors (3072K)
 Metaspace       used 85789K, committed 86784K, reserved 1179648K
  class space    used 12279K, committed 12736K, reserved 1048576K
}
Event: 8513.278 GC heap before
{Heap before GC invocations=133 (full 6):
 garbage-first heap   total reserved 1036288K, committed 97280K, used 45130K [0x00000000c0c00000, 0x0000000100000000)
  region size 1024K, 4 young (4096K), 3 survivors (3072K)
 Metaspace       used 85789K, committed 86784K, reserved 1179648K
  class space    used 12279K, committed 12736K, reserved 1048576K
}
Event: 8513.296 GC heap after
{Heap after GC invocations=134 (full 6):
 garbage-first heap   total reserved 1036288K, committed 97280K, used 44462K [0x00000000c0c00000, 0x0000000100000000)
  region size 1024K, 1 young (1024K), 1 survivors (1024K)
 Metaspace       used 85789K, committed 86784K, reserved 1179648K
  class space    used 12279K, committed 12736K, reserved 1048576K
}
Event: 8516.006 GC heap before
{Heap before GC invocations=134 (full 6):
 garbage-first heap   total reserved 1036288K, committed 97280K, used 86446K [0x00000000c0c00000, 0x0000000100000000)
  region size 1024K, 42 young (43008K), 1 survivors (1024K)
 Metaspace       used 86113K, committed 87104K, reserved 1179648K
  class space    used 12311K, committed 12736K, reserved 1048576K
}
Event: 8516.015 GC heap after
{Heap after GC invocations=135 (full 6):
 garbage-first heap   total reserved 1036288K, committed 97280K, used 46843K [0x00000000c0c00000, 0x0000000100000000)
  region size 1024K, 3 young (3072K), 3 survivors (3072K)
 Metaspace       used 86113K, committed 87104K, reserved 1179648K
  class space    used 12311K, committed 12736K, reserved 1048576K
}
Event: 8520.116 GC heap before
{Heap before GC invocations=136 (full 6):
 garbage-first heap   total reserved 1036288K, committed 97280K, used 87803K [0x00000000c0c00000, 0x0000000100000000)
  region size 1024K, 43 young (44032K), 3 survivors (3072K)
 Metaspace       used 86429K, committed 87360K, reserved 1179648K
  class space    used 12337K, committed 12736K, reserved 1048576K
}
Event: 8520.125 GC heap after
{Heap after GC invocations=137 (full 6):
 garbage-first heap   total reserved 1036288K, committed 97280K, used 48743K [0x00000000c0c00000, 0x0000000100000000)
  region size 1024K, 5 young (5120K), 5 survivors (5120K)
 Metaspace       used 86429K, committed 87360K, reserved 1179648K
  class space    used 12337K, committed 12736K, reserved 1048576K
}
Event: 8520.247 GC heap before
{Heap before GC invocations=137 (full 6):
 garbage-first heap   total reserved 1036288K, committed 97280K, used 52839K [0x00000000c0c00000, 0x0000000100000000)
  region size 1024K, 9 young (9216K), 5 survivors (5120K)
 Metaspace       used 86429K, committed 87360K, reserved 1179648K
  class space    used 12337K, committed 12736K, reserved 1048576K
}
Event: 8520.270 GC heap after
{Heap after GC invocations=138 (full 6):
 garbage-first heap   total reserved 1036288K, committed 97280K, used 48921K [0x00000000c0c00000, 0x0000000100000000)
  region size 1024K, 1 young (1024K), 1 survivors (1024K)
 Metaspace       used 86429K, committed 87360K, reserved 1179648K
  class space    used 12337K, committed 12736K, reserved 1048576K
}
Event: 8521.317 GC heap before
{Heap before GC invocations=138 (full 6):
 garbage-first heap   total reserved 1036288K, committed 97280K, used 87833K [0x00000000c0c00000, 0x0000000100000000)
  region size 1024K, 39 young (39936K), 1 survivors (1024K)
 Metaspace       used 86497K, committed 87488K, reserved 1179648K
  class space    used 12355K, committed 12800K, reserved 1048576K
}

Dll operation events (13 events):
Event: 0.075 Loaded shared library C:\Users\hema\.jdks\openjdk-22\bin\java.dll
Event: 0.278 Loaded shared library C:\Users\hema\.jdks\openjdk-22\bin\zip.dll
Event: 0.290 Loaded shared library C:\Users\hema\.jdks\openjdk-22\bin\instrument.dll
Event: 0.305 Loaded shared library C:\Users\hema\.jdks\openjdk-22\bin\net.dll
Event: 0.307 Loaded shared library C:\Users\hema\.jdks\openjdk-22\bin\nio.dll
Event: 0.333 Loaded shared library C:\Users\hema\.jdks\openjdk-22\bin\zip.dll
Event: 0.836 Loaded shared library C:\Users\hema\AppData\Local\Programs\IntelliJ IDEA Ultimate\bin\breakgen64.dll
Event: 0.863 Loaded shared library C:\Users\hema\.jdks\openjdk-22\bin\jimage.dll
Event: 0.867 Loaded shared library C:\Users\hema\.jdks\openjdk-22\bin\extnet.dll
Event: 0.970 Loaded shared library C:\Users\hema\.jdks\openjdk-22\bin\management.dll
Event: 1.009 Loaded shared library C:\Users\hema\.jdks\openjdk-22\bin\management_ext.dll
Event: 7.789 Loaded shared library C:\Users\hema\.jdks\openjdk-22\bin\sunmscapi.dll
Event: 14.648 Loaded shared library C:\Users\hema\.jdks\openjdk-22\bin\verify.dll

Deoptimization events (20 events):
Event: 13.705 Thread 0x0000028aa242ae70 DEOPT PACKING pc=0x0000028a9c15be94 sp=0x000000f2fafff560
Event: 13.706 Thread 0x0000028aa242ae70 DEOPT UNPACKING pc=0x0000028a9bc14e42 sp=0x000000f2faffeaa8 mode 0
Event: 17.865 Thread 0x0000028aa2fc54c0 DEOPT PACKING pc=0x0000028a9c15be94 sp=0x000000f2fbeff3e0
Event: 17.865 Thread 0x0000028aa2fc54c0 DEOPT UNPACKING pc=0x0000028a9bc14e42 sp=0x000000f2fbefe928 mode 0
Event: 18.198 Thread 0x0000028aa2429ac0 DEOPT PACKING pc=0x0000028a9c1c77b9 sp=0x000000f2fbcfb9d0
Event: 18.198 Thread 0x0000028aa2429ac0 DEOPT UNPACKING pc=0x0000028a9bc14e42 sp=0x000000f2fbcfaed8 mode 3
Event: 18.204 Thread 0x0000028aa2429ac0 DEOPT PACKING pc=0x0000028a9c1ac582 sp=0x000000f2fbcfb990
Event: 18.204 Thread 0x0000028aa2429ac0 DEOPT UNPACKING pc=0x0000028a9bc14e42 sp=0x000000f2fbcfaed8 mode 3
Event: 28.836 Thread 0x0000028aa2429ac0 DEOPT PACKING pc=0x0000028a9c7fc137 sp=0x000000f2fbcfe890
Event: 28.842 Thread 0x0000028aa2429ac0 DEOPT UNPACKING pc=0x0000028a9bc14e42 sp=0x000000f2fbcfdd68 mode 3
Event: 29.648 Thread 0x0000028aa2fc3a80 DEOPT PACKING pc=0x0000028a9c131fcc sp=0x000000f2fbdfef60
Event: 29.648 Thread 0x0000028aa2fc3a80 DEOPT UNPACKING pc=0x0000028a9bc14e42 sp=0x000000f2fbdfe4a0 mode 0
Event: 36.393 Thread 0x0000028aeb31b140 DEOPT PACKING pc=0x0000028a9c4bd3bc sp=0x000000f2fd9fe8e0
Event: 36.393 Thread 0x0000028aeb31b140 DEOPT UNPACKING pc=0x0000028a9bc14e42 sp=0x000000f2fd9fdd78 mode 0
Event: 62.770 Thread 0x0000028aa242a150 DEOPT PACKING pc=0x0000028a9c4bd3bc sp=0x000000f2fb8fed90
Event: 62.770 Thread 0x0000028aeb319700 DEOPT PACKING pc=0x0000028a9c4bd3bc sp=0x000000f2fd7fed60
Event: 62.770 Thread 0x0000028aeb320690 DEOPT PACKING pc=0x0000028a9c4bd3bc sp=0x000000f2fd5fee20
Event: 62.770 Thread 0x0000028aeb319700 DEOPT UNPACKING pc=0x0000028a9bc14e42 sp=0x000000f2fd7fe1f8 mode 0
Event: 62.771 Thread 0x0000028aeb320690 DEOPT UNPACKING pc=0x0000028a9bc14e42 sp=0x000000f2fd5fe2b8 mode 0
Event: 62.772 Thread 0x0000028aa242a150 DEOPT UNPACKING pc=0x0000028a9bc14e42 sp=0x000000f2fb8fe228 mode 0

Classes loaded (20 events):
Event: 199.074 Loading class java/util/AbstractMap$2
Event: 199.086 Loading class java/util/AbstractMap$2 done
Event: 199.137 Loading class java/util/AbstractMap$ValueIterator
Event: 199.143 Loading class java/util/AbstractMap$ValueIterator done
Event: 201.463 Loading class java/lang/ref/Finalizer$2
Event: 201.474 Loading class java/lang/ref/Finalizer$2 done
Event: 201.475 Loading class java/lang/ref/Finalizer$1
Event: 201.487 Loading class java/lang/ref/Finalizer$1 done
Event: 204.724 Loading class java/time/DurationEditor
Event: 204.725 Loading class java/time/DurationEditor done
Event: 204.918 Loading class java/util/AbstractList$SubList$1
Event: 204.918 Loading class java/util/AbstractList$SubList$1 done
Event: 1162.340 Loading class java/time/DurationEditor
Event: 1162.342 Loading class java/time/DurationEditor done
Event: 1251.326 Loading class java/time/DurationEditor
Event: 1251.327 Loading class java/time/DurationEditor done
Event: 5684.485 Loading class java/time/DurationEditor
Event: 5684.491 Loading class java/time/DurationEditor done
Event: 8519.127 Loading class java/time/DurationEditor
Event: 8519.135 Loading class java/time/DurationEditor done

Classes unloaded (20 events):
Event: 6821.589 Thread 0x0000028aa2202eb0 Unloading class 0x0000028aa41c5400 'java/lang/invoke/LambdaForm$MH+0x0000028aa41c5400'
Event: 6821.590 Thread 0x0000028aa2202eb0 Unloading class 0x0000028aa41a4800 'java/lang/invoke/LambdaForm$MH+0x0000028aa41a4800'
Event: 6821.590 Thread 0x0000028aa2202eb0 Unloading class 0x0000028aa411bc00 'java/lang/invoke/LambdaForm$MH+0x0000028aa411bc00'
Event: 6821.590 Thread 0x0000028aa2202eb0 Unloading class 0x0000028aa4111000 'java/lang/invoke/LambdaForm$MH+0x0000028aa4111000'
Event: 6821.590 Thread 0x0000028aa2202eb0 Unloading class 0x0000028aa40d7000 'java/lang/invoke/LambdaForm$MH+0x0000028aa40d7000'
Event: 6821.591 Thread 0x0000028aa2202eb0 Unloading class 0x0000028aa4101800 'java/lang/invoke/LambdaForm$MH+0x0000028aa4101800'
Event: 6821.592 Thread 0x0000028aa2202eb0 Unloading class 0x0000028aa4b41000 'java/lang/invoke/LambdaForm$MH+0x0000028aa4b41000'
Event: 6821.592 Thread 0x0000028aa2202eb0 Unloading class 0x0000028aa4aed000 'java/lang/invoke/LambdaForm$MH+0x0000028aa4aed000'
Event: 6821.593 Thread 0x0000028aa2202eb0 Unloading class 0x0000028aa4b85000 'java/lang/invoke/LambdaForm$MH+0x0000028aa4b85000'
Event: 6821.593 Thread 0x0000028aa2202eb0 Unloading class 0x0000028aa4aee000 'java/lang/invoke/LambdaForm$MH+0x0000028aa4aee000'
Event: 8463.844 Thread 0x0000028aa2202eb0 Unloading class 0x0000028aa4c90c00 'java/lang/invoke/LambdaForm$MH+0x0000028aa4c90c00'
Event: 8463.846 Thread 0x0000028aa2202eb0 Unloading class 0x0000028aa4c90000 'java/lang/invoke/LambdaForm$MH+0x0000028aa4c90000'
Event: 8463.846 Thread 0x0000028aa2202eb0 Unloading class 0x0000028aa4c8d800 'java/lang/invoke/LambdaForm$MH+0x0000028aa4c8d800'
Event: 8463.846 Thread 0x0000028aa2202eb0 Unloading class 0x0000028aa4c8d400 'java/lang/invoke/LambdaForm$MH+0x0000028aa4c8d400'
Event: 8463.846 Thread 0x0000028aa2202eb0 Unloading class 0x0000028aa4c7a400 'java/lang/invoke/LambdaForm$MH+0x0000028aa4c7a400'
Event: 8463.847 Thread 0x0000028aa2202eb0 Unloading class 0x0000028aa4918800 'java/lang/invoke/LambdaForm$MH+0x0000028aa4918800'
Event: 8463.848 Thread 0x0000028aa2202eb0 Unloading class 0x0000028aa4b85400 'java/lang/invoke/LambdaForm$DMH+0x0000028aa4b85400'
Event: 8463.849 Thread 0x0000028aa2202eb0 Unloading class 0x0000028aa4918400 'java/lang/invoke/LambdaForm$MH+0x0000028aa4918400'
Event: 8516.219 Thread 0x0000028aa2202eb0 Unloading class 0x0000028aa4c86800 'java/lang/invoke/LambdaForm$DMH+0x0000028aa4c86800'
Event: 8516.220 Thread 0x0000028aa2202eb0 Unloading class 0x0000028aa4c87000 'java/lang/invoke/LambdaForm$DMH+0x0000028aa4c87000'

Classes redefined (0 events):
No events

Internal exceptions (20 events):
Event: 8476.412 Thread 0x0000028aa2fc3a80 Exception <a 'sun/nio/fs/WindowsException'{0x00000000c6908b00}> (0x00000000c6908b00) 
thrown [s\open\src\hotspot\share\prims\jni.cpp, line 520]
Event: 8503.789 Thread 0x0000028aa2fc3a80 Exception <a 'java/lang/NoClassDefFoundError'{0x00000000c37fed80}: org/flywaydb/core/Flyway> (0x00000000c37fed80) 
thrown [s\open\src\hotspot\share\oops\constantPool.cpp, line 870]
Event: 8503.789 Thread 0x0000028aa2fc3a80 Exception <a 'java/lang/NoClassDefFoundError'{0x00000000c37ff3e0}: liquibase/integration/spring/SpringLiquibase> (0x00000000c37ff3e0) 
thrown [s\open\src\hotspot\share\oops\constantPool.cpp, line 870]
Event: 8504.380 Thread 0x0000028aa2fc3a80 Exception <a 'java/lang/NoClassDefFoundError'{0x00000000c36de3f0}: org/jooq/DSLContext> (0x00000000c36de3f0) 
thrown [s\open\src\hotspot\share\oops\constantPool.cpp, line 870]
Event: 8504.387 Thread 0x0000028aa2fc3a80 Exception <a 'java/lang/NoClassDefFoundError'{0x00000000c36f5360}: org/springframework/batch/core/repository/JobRepository> (0x00000000c36f5360) 
thrown [s\open\src\hotspot\share\oops\constantPool.cpp, line 870]
Event: 8504.387 Thread 0x0000028aa2fc3a80 Exception <a 'java/lang/NoClassDefFoundError'{0x00000000c36f59b8}: org/quartz/Scheduler> (0x00000000c36f59b8) 
thrown [s\open\src\hotspot\share\oops\constantPool.cpp, line 870]
Event: 8504.389 Thread 0x0000028aa2fc3a80 Exception <a 'java/lang/NoClassDefFoundError'{0x00000000c36f6038}: org/springframework/session/jdbc/JdbcIndexedSessionRepository> (0x00000000c36f6038) 
thrown [s\open\src\hotspot\share\oops\constantPool.cpp, line 870]
Event: 8505.803 Thread 0x0000028aa2fc3a80 Exception <a 'java/lang/NoSuchMethodError'{0x00000000c6acfc18}: 'void java.lang.invoke.DelegatingMethodHandle$Holder.reinvoke_L(java.lang.Object, java.lang.Object, int)'> (0x00000000c6acfc18) 
thrown [s\open\src\hotspot\share\interpreter\linkResolver.cpp, line 774]
Event: 8507.275 Thread 0x0000028aa2fc3a80 Exception <a 'java/lang/ArrayIndexOutOfBoundsException'{0x00000000c68ae738}: Index 40 out of bounds for length 40> (0x00000000c68ae738) 
thrown [s\open\src\hotspot\share\interpreter\interpreterRuntime.cpp, line 436]
Event: 8507.276 Thread 0x0000028aa2fc3a80 Exception <a 'java/lang/ArrayIndexOutOfBoundsException'{0x00000000c68aed10}: Index 40 out of bounds for length 40> (0x00000000c68aed10) 
thrown [s\open\src\hotspot\share\interpreter\interpreterRuntime.cpp, line 436]
Event: 8507.353 Thread 0x0000028aa2fc3a80 Exception <a 'java/lang/ArrayIndexOutOfBoundsException'{0x00000000c68f4930}> (0x00000000c68f4930) 
thrown [s\open\src\hotspot\share\runtime\sharedRuntime.cpp, line 628]
Event: 8507.353 Thread 0x0000028aa2fc3a80 Exception <a 'java/lang/ArrayIndexOutOfBoundsException'{0x00000000c68f4f08}> (0x00000000c68f4f08) 
thrown [s\open\src\hotspot\share\runtime\sharedRuntime.cpp, line 628]
Event: 8510.209 Thread 0x0000028aa2fc3a80 Exception <a 'java/lang/NoSuchMethodError'{0x00000000c5ff0af8}: 'int java.lang.invoke.DirectMethodHandle$Holder.invokeVirtual(java.lang.Object, java.lang.Object, java.lang.Object, java.lang.Object)'> (0x00000000c5ff0af8) 
thrown [s\open\src\hotspot\share\interpreter\linkResolver.cpp, line 774]
Event: 8510.212 Thread 0x0000028aa2fc3a80 Exception <a 'java/lang/NoSuchMethodError'{0x00000000c5ff40f8}: 'int java.lang.invoke.DelegatingMethodHandle$Holder.reinvoke_L(java.lang.Object, java.lang.Object, java.lang.Object, java.lang.Object)'> (0x00000000c5ff40f8) 
thrown [s\open\src\hotspot\share\interpreter\linkResolver.cpp, line 774]
Event: 8510.678 Thread 0x0000028aa2fc3a80 Exception <a 'java/io/FileNotFoundException'{0x00000000c5e5c180}> (0x00000000c5e5c180) 
thrown [s\open\src\hotspot\share\prims\jni.cpp, line 520]
Event: 8512.149 Thread 0x0000028aa2fc3a80 Exception <a 'java/io/FileNotFoundException'{0x00000000c61f13b8}> (0x00000000c61f13b8) 
thrown [s\open\src\hotspot\share\prims\jni.cpp, line 520]
Event: 8514.635 Thread 0x0000028aa2fc3a80 Exception <a 'java/lang/NoSuchMethodError'{0x00000000c5d7bad0}: 'long java.lang.invoke.DelegatingMethodHandle$Holder.reinvoke_L(java.lang.Object, java.lang.Object)'> (0x00000000c5d7bad0) 
thrown [s\open\src\hotspot\share\interpreter\linkResolver.cpp, line 774]
Event: 8514.636 Thread 0x0000028aa2fc3a80 Exception <a 'java/lang/NoSuchMethodError'{0x00000000c5d82410}: 'void java.lang.invoke.DelegatingMethodHandle$Holder.reinvoke_L(java.lang.Object, java.lang.Object, long)'> (0x00000000c5d82410) 
thrown [s\open\src\hotspot\share\interpreter\linkResolver.cpp, line 774]
Event: 8516.000 Thread 0x0000028aa2fc3a80 Exception <a 'java/io/FileNotFoundException'{0x00000000c41dad60}> (0x00000000c41dad60) 
thrown [s\open\src\hotspot\share\prims\jni.cpp, line 520]
Event: 8516.002 Thread 0x0000028aa2fc3a80 Exception <a 'java/io/FileNotFoundException'{0x00000000c41e0f30}> (0x00000000c41e0f30) 
thrown [s\open\src\hotspot\share\prims\jni.cpp, line 520]

ZGC Phase Switch (0 events):
No events

VM Operations (20 events):
Event: 8515.563 Executing VM operation: ICBufferFull done
Event: 8516.005 Executing VM operation: G1CollectForAllocation (G1 Evacuation Pause)
Event: 8516.015 Executing VM operation: G1CollectForAllocation (G1 Evacuation Pause) done
Event: 8516.135 Executing VM operation: G1PauseRemark
Event: 8517.016 Executing VM operation: G1PauseRemark done
Event: 8517.053 Executing VM operation: G1PauseCleanup
Event: 8517.083 Executing VM operation: G1PauseCleanup done
Event: 8518.087 Executing VM operation: Cleanup
Event: 8518.088 Executing VM operation: Cleanup done
Event: 8519.088 Executing VM operation: Cleanup
Event: 8519.088 Executing VM operation: Cleanup done
Event: 8520.089 Executing VM operation: Cleanup
Event: 8520.089 Executing VM operation: Cleanup done
Event: 8520.116 Executing VM operation: G1CollectForAllocation (G1 Evacuation Pause)
Event: 8520.125 Executing VM operation: G1CollectForAllocation (G1 Evacuation Pause) done
Event: 8520.247 Executing VM operation: G1CollectForAllocation (G1 Evacuation Pause)
Event: 8520.270 Executing VM operation: G1CollectForAllocation (G1 Evacuation Pause) done
Event: 8521.280 Executing VM operation: Cleanup
Event: 8521.280 Executing VM operation: Cleanup done
Event: 8521.317 Executing VM operation: G1CollectForAllocation (G1 Evacuation Pause)

Events (20 events):
Event: 8511.531 Thread 0x0000028aa2202eb0 flushing nmethod 0x0000028a9cb1da90
Event: 8511.531 Thread 0x0000028aa2202eb0 flushing nmethod 0x0000028a9cb4d290
Event: 8511.531 Thread 0x0000028aa2202eb0 flushing nmethod 0x0000028a9cb4dd90
Event: 8511.531 Thread 0x0000028aa2202eb0 flushing nmethod 0x0000028a9cb50210
Event: 8511.531 Thread 0x0000028aa2202eb0 flushing nmethod 0x0000028a9cb50590
Event: 8511.531 Thread 0x0000028aa2202eb0 flushing nmethod 0x0000028a9cb50f90
Event: 8511.531 Thread 0x0000028aa2202eb0 flushing nmethod 0x0000028a9cb5c890
Event: 8511.531 Thread 0x0000028aa2202eb0 flushing nmethod 0x0000028a9cd25090
Event: 8511.531 Thread 0x0000028aa2202eb0 flushing nmethod 0x0000028a9cd28990
Event: 8511.531 Thread 0x0000028aa2202eb0 flushing nmethod 0x0000028a9cd66590
Event: 8511.531 Thread 0x0000028aa2202eb0 flushing nmethod 0x0000028a9cd69290
Event: 8511.531 Thread 0x0000028aa2202eb0 flushing nmethod 0x0000028a9cd69f90
Event: 8511.531 Thread 0x0000028aa2202eb0 flushing nmethod 0x0000028a9cd6a590
Event: 8511.688 Thread 0x0000028aa2fc5b50 Thread added: 0x0000028aa2fc5b50
Event: 8511.793 Thread 0x0000028aa2fc2040 Thread added: 0x0000028aa2fc2040
Event: 8512.164 Thread 0x0000028aa2fc6870 Thread added: 0x0000028aa2fc6870
Event: 8512.167 Thread 0x0000028aa2fbff70 Thread added: 0x0000028aa2fbff70
Event: 8512.176 Thread 0x0000028aa2fc33f0 Thread added: 0x0000028aa2fc33f0
Event: 8512.572 Thread 0x0000028aa2434720 Thread added: 0x0000028aa2434720
Event: 8517.147 Thread 0x0000028aa2fc2040 Thread exited: 0x0000028aa2fc2040


Dynamic libraries:
0x00007ff71e7d0000 - 0x00007ff71e7de000 	C:\Users\hema\.jdks\openjdk-22\bin\java.exe
0x00007ffcaee10000 - 0x00007ffcaf008000 	C:\WINDOWS\SYSTEM32\ntdll.dll
0x00007ffcace30000 - 0x00007ffcacef2000 	C:\WINDOWS\System32\KERNEL32.DLL
0x00007ffcac500000 - 0x00007ffcac7fe000 	C:\WINDOWS\System32\KERNELBASE.dll
0x00007ffcac800000 - 0x00007ffcac900000 	C:\WINDOWS\System32\ucrtbase.dll
0x00007ffca1620000 - 0x00007ffca1637000 	C:\Users\hema\.jdks\openjdk-22\bin\jli.dll
0x00007ffca1030000 - 0x00007ffca104b000 	C:\Users\hema\.jdks\openjdk-22\bin\VCRUNTIME140.dll
0x00007ffcad970000 - 0x00007ffcadb0d000 	C:\WINDOWS\System32\USER32.dll
0x00007ffc9afe0000 - 0x00007ffc9b27a000 	C:\WINDOWS\WinSxS\amd64_microsoft.windows.common-controls_6595b64144ccf1df_6.0.19041.4355_none_60b8b9eb71f62e16\COMCTL32.dll
0x00007ffcacaf0000 - 0x00007ffcacb12000 	C:\WINDOWS\System32\win32u.dll
0x00007ffcae590000 - 0x00007ffcae62e000 	C:\WINDOWS\System32\msvcrt.dll
0x00007ffcad3b0000 - 0x00007ffcad3db000 	C:\WINDOWS\System32\GDI32.dll
0x00007ffcacd10000 - 0x00007ffcace27000 	C:\WINDOWS\System32\gdi32full.dll
0x00007ffcacc70000 - 0x00007ffcacd0d000 	C:\WINDOWS\System32\msvcp_win.dll
0x00007ffcad310000 - 0x00007ffcad33f000 	C:\WINDOWS\System32\IMM32.DLL
0x00007ffca1590000 - 0x00007ffca159c000 	C:\Users\hema\.jdks\openjdk-22\bin\vcruntime140_1.dll
0x00007ffc9bd30000 - 0x00007ffc9bdbe000 	C:\Users\hema\.jdks\openjdk-22\bin\msvcp140.dll
0x00007ffc3e820000 - 0x00007ffc3f568000 	C:\Users\hema\.jdks\openjdk-22\bin\server\jvm.dll
0x00007ffcae4d0000 - 0x00007ffcae581000 	C:\WINDOWS\System32\ADVAPI32.dll
0x00007ffcad160000 - 0x00007ffcad1ff000 	C:\WINDOWS\System32\sechost.dll
0x00007ffcaeca0000 - 0x00007ffcaedc3000 	C:\WINDOWS\System32\RPCRT4.dll
0x00007ffcacc40000 - 0x00007ffcacc67000 	C:\WINDOWS\System32\bcrypt.dll
0x00007ffcad3e0000 - 0x00007ffcad44b000 	C:\WINDOWS\System32\WS2_32.dll
0x00007ffcab9b0000 - 0x00007ffcab9fb000 	C:\WINDOWS\SYSTEM32\POWRPROF.dll
0x00007ffca71e0000 - 0x00007ffca71ea000 	C:\WINDOWS\SYSTEM32\VERSION.dll
0x00007ffca2a10000 - 0x00007ffca2a37000 	C:\WINDOWS\SYSTEM32\WINMM.dll
0x00007ffcab870000 - 0x00007ffcab882000 	C:\WINDOWS\SYSTEM32\UMPDC.dll
0x00007ffcaa310000 - 0x00007ffcaa322000 	C:\WINDOWS\SYSTEM32\kernel.appcore.dll
0x00007ffca1290000 - 0x00007ffca129a000 	C:\Users\hema\.jdks\openjdk-22\bin\jimage.dll
0x00007ffca67a0000 - 0x00007ffca6984000 	C:\WINDOWS\SYSTEM32\DBGHELP.DLL
0x00007ffca6740000 - 0x00007ffca6774000 	C:\WINDOWS\SYSTEM32\dbgcore.DLL
0x00007ffcac900000 - 0x00007ffcac982000 	C:\WINDOWS\System32\bcryptPrimitives.dll
0x00007ffca0700000 - 0x00007ffca070f000 	C:\Users\hema\.jdks\openjdk-22\bin\instrument.dll
0x00007ffc97f50000 - 0x00007ffc97f6e000 	C:\Users\hema\.jdks\openjdk-22\bin\java.dll
0x00007ffcadbf0000 - 0x00007ffcae35d000 	C:\WINDOWS\System32\SHELL32.dll
0x00007ffcad020000 - 0x00007ffcad14b000 	C:\WINDOWS\System32\ole32.dll
0x00007ffcae930000 - 0x00007ffcaec83000 	C:\WINDOWS\System32\combase.dll
0x00007ffcaa510000 - 0x00007ffcaacb4000 	C:\WINDOWS\SYSTEM32\windows.storage.dll
0x00007ffcabe00000 - 0x00007ffcabe2e000 	C:\WINDOWS\SYSTEM32\Wldp.dll
0x00007ffcae860000 - 0x00007ffcae92d000 	C:\WINDOWS\System32\OLEAUT32.dll
0x00007ffcad260000 - 0x00007ffcad30d000 	C:\WINDOWS\System32\SHCORE.dll
0x00007ffcad200000 - 0x00007ffcad255000 	C:\WINDOWS\System32\shlwapi.dll
0x00007ffcac3e0000 - 0x00007ffcac404000 	C:\WINDOWS\SYSTEM32\profapi.dll
0x00007ffc97f10000 - 0x00007ffc97f27000 	C:\Users\hema\.jdks\openjdk-22\bin\zip.dll
0x00007ffca0ed0000 - 0x00007ffca0ee0000 	C:\Users\hema\.jdks\openjdk-22\bin\net.dll
0x00007ffcabbe0000 - 0x00007ffcabc4a000 	C:\WINDOWS\system32\mswsock.dll
0x00007ffc97f30000 - 0x00007ffc97f46000 	C:\Users\hema\.jdks\openjdk-22\bin\nio.dll
0x00007ffc978a0000 - 0x00007ffc978ba000 	C:\Users\hema\AppData\Local\Programs\IntelliJ IDEA Ultimate\bin\breakgen64.dll
0x00007ffc9bd20000 - 0x00007ffc9bd29000 	C:\Users\hema\.jdks\openjdk-22\bin\extnet.dll
0x00007ffcab8e0000 - 0x00007ffcab9aa000 	C:\WINDOWS\SYSTEM32\DNSAPI.dll
0x00007ffcab890000 - 0x00007ffcab8cb000 	C:\WINDOWS\SYSTEM32\IPHLPAPI.DLL
0x00007ffcad340000 - 0x00007ffcad348000 	C:\WINDOWS\System32\NSI.dll
0x00007ffca4890000 - 0x00007ffca489a000 	C:\Windows\System32\rasadhlp.dll
0x00007ffca49d0000 - 0x00007ffca4a50000 	C:\WINDOWS\System32\fwpuclnt.dll
0x00007ffc97fc0000 - 0x00007ffc97fca000 	C:\Users\hema\.jdks\openjdk-22\bin\management.dll
0x00007ffc97f00000 - 0x00007ffc97f0b000 	C:\Users\hema\.jdks\openjdk-22\bin\management_ext.dll
0x00007ffcad150000 - 0x00007ffcad158000 	C:\WINDOWS\System32\PSAPI.DLL
0x00007ffcac150000 - 0x00007ffcac168000 	C:\WINDOWS\SYSTEM32\CRYPTSP.dll
0x00007ffcab450000 - 0x00007ffcab484000 	C:\WINDOWS\system32\rsaenh.dll
0x00007ffcac3a0000 - 0x00007ffcac3ce000 	C:\WINDOWS\SYSTEM32\USERENV.dll
0x00007ffcabd70000 - 0x00007ffcabd7c000 	C:\WINDOWS\SYSTEM32\CRYPTBASE.dll
0x00007ffc95e70000 - 0x00007ffc95e87000 	C:\WINDOWS\system32\napinsp.dll
0x00007ffc95e50000 - 0x00007ffc95e6b000 	C:\WINDOWS\system32\pnrpnsp.dll
0x00007ffc95e30000 - 0x00007ffc95e45000 	C:\WINDOWS\system32\wshbth.dll
0x00007ffca76f0000 - 0x00007ffca770d000 	C:\WINDOWS\system32\NLAapi.dll
0x00007ffc95e10000 - 0x00007ffc95e22000 	C:\WINDOWS\System32\winrnr.dll
0x00007ffc98c20000 - 0x00007ffc98c71000 	C:\WINDOWS\SYSTEM32\pdh.dll
0x00007ffc98920000 - 0x00007ffc9892f000 	C:\WINDOWS\System32\perfproc.dll
0x00007ffc97a40000 - 0x00007ffc97a4e000 	C:\Users\hema\.jdks\openjdk-22\bin\sunmscapi.dll
0x00007ffcac990000 - 0x00007ffcacaec000 	C:\WINDOWS\System32\CRYPT32.dll
0x00007ffcabe70000 - 0x00007ffcabe97000 	C:\WINDOWS\SYSTEM32\ncrypt.dll
0x00007ffcabe30000 - 0x00007ffcabe6b000 	C:\WINDOWS\SYSTEM32\NTASN1.dll
0x00007ffc94020000 - 0x00007ffc94030000 	C:\Users\hema\.jdks\openjdk-22\bin\verify.dll
0x00007ffc96670000 - 0x00007ffc96677000 	C:\WINDOWS\system32\wshunix.dll

dbghelp: loaded successfully - version: 4.0.5 - missing functions: none
symbol engine: initialized successfully - sym options: 0x614 - pdb path: .;C:\Users\hema\.jdks\openjdk-22\bin;C:\WINDOWS\SYSTEM32;C:\WINDOWS\WinSxS\amd64_microsoft.windows.common-controls_6595b64144ccf1df_6.0.19041.4355_none_60b8b9eb71f62e16;C:\Users\hema\.jdks\openjdk-22\bin\server;C:\Users\hema\AppData\Local\Programs\IntelliJ IDEA Ultimate\bin

VM Arguments:
jvm_args: -XX:TieredStopAtLevel=1 -Dspring.output.ansi.enabled=always -Dcom.sun.management.jmxremote -Dspring.jmx.enabled=true -Dspring.liveBeansView.mbeanDomain -Dspring.application.admin.enabled=true -Dmanagement.endpoints.jmx.exposure.include=* -javaagent:C:\Users\hema\AppData\Local\Programs\IntelliJ IDEA Ultimate\lib\idea_rt.jar=53449:C:\Users\hema\AppData\Local\Programs\IntelliJ IDEA Ultimate\bin -Dfile.encoding=UTF-8 -Dsun.stdout.encoding=UTF-8 -Dsun.stderr.encoding=UTF-8 
java_command: com.lms.LearningManagementSystem.LearningManagementSystemApplication
java_class_path (initial): C:\Users\hema\IdeaProjects\Learning-Management-System-LMS\Learning-Management-System-LMS\LearningManagementSystem\target\classes;C:\Users\hema\.m2\repository\com\h2database\h2\2.3.232\h2-2.3.232.jar;C:\Users\hema\.m2\repository\org\springframework\boot\spring-boot-starter-data-jpa\3.4.0\spring-boot-starter-data-jpa-3.4.0.jar;C:\Users\hema\.m2\repository\org\springframework\boot\spring-boot-starter\3.4.0\spring-boot-starter-3.4.0.jar;C:\Users\hema\.m2\repository\org\springframework\boot\spring-boot-starter-logging\3.4.0\spring-boot-starter-logging-3.4.0.jar;C:\Users\hema\.m2\repository\ch\qos\logback\logback-classic\1.5.12\logback-classic-1.5.12.jar;C:\Users\hema\.m2\repository\ch\qos\logback\logback-core\1.5.12\logback-core-1.5.12.jar;C:\Users\hema\.m2\repository\org\apache\logging\log4j\log4j-to-slf4j\2.24.1\log4j-to-slf4j-2.24.1.jar;C:\Users\hema\.m2\repository\org\slf4j\jul-to-slf4j\2.0.16\jul-to-slf4j-2.0.16.jar;C:\Users\hema\.m2\repository\jakarta\annotation\jakarta.annotation-api\2.1.1\jakarta.annotation-api-2.1.1.jar;C:\Users\hema\.m2\repository\org\yaml\snakeyaml\2.3\snakeyaml-2.3.jar;C:\Users\hema\.m2\repository\org\springframework\boot\spring-boot-starter-jdbc\3.4.0\spring-boot-starter-jdbc-3.4.0.jar;C:\Users\hema\.m2\repository\com\zaxxer\HikariCP\5.1.0\HikariCP-5.1.0.jar;C:\Users\hema\.m2\repository\org\springframework\spring-jdbc\6.2.0\spring-jdbc-6.2.0.jar;C:\Users\hema\.m2\repository\org\hibernate\orm\hibernate-core\6.6.2.Final\hibernate-core-6.6.2.Final.jar;C:\Users\hema\.m2\repository\jakarta\persistence\jakarta.persistence-api\3.1.0\jakarta.persistence-api-3.1.0.jar;C:\Users\hema\.m2\repository\jakarta\transaction\jakarta.transaction-api\2.0.1\jakarta.transaction-api-2.0.1.jar;C:\Users\hema\.m2\repository\org\jboss\logging\jboss-logging\3.6.1.Final\jboss-logging-3.6.1.Final.jar;C:\Users\hema\.m2\repository\org\hibernate\common\hibernate-commons-annotations\7.0.3.Final\hibernate-commons-annotations-7.0.3.Final.jar;C:\Users\hema\.m2\repository\io\smallrye\jandex\3.2.0\jandex-3.2.0.jar;C:\Users\hema\.m2\repository\com\fasterxml\classmate\1.7.0\classmate-1.7.0.jar;C:\Users\hema\.m2\repository\net\bytebuddy\byte-buddy\1.15.10\byte-buddy-1.15.10.jar;C:\Users\hema\.m2\repository\org\glassfish\jaxb\jaxb-runtime\4.0.5\jaxb-runtime-4.0.5.jar;C:\Users\hema\.m2\repository\org\glassfish\jaxb\jaxb-core\4.0.5\jaxb-core-4.0.5.jar;C:\Users\hema\.m2\repository\org\glassfish\jaxb\txw2\4.0.5\txw2-4.0.5.jar;C:\Users\hema\.m2\repository\com\sun\istack\istack-commons-runtime\4.1.2\istack-commons-runtime-4.1.2.jar;C:\Users\hema\.m2\repository\jakarta\inject\jakarta.inject-api\2.0.1\jakarta.inject-api-2.0.1.jar;C:\Users\hema\.m2\repository\org\antlr\antlr4-runtime\4.13.0\antlr4-runtime-4.13.0.jar;C:\Users\hema\.m2\repository\org\springframework\data\spring-data-jpa\3.4.0\spring-data-jpa-3.4.0.jar;C:\Users\hema\.m2\repository\org\springframework\data\spring-data-commons\3.4.0\spring-data-commons-3.4.0.jar;C:\Users\hema\.m2\repository\org\springframework\spring-orm\6.2.0\spring-orm-6.2.0.jar;C:\Users\hema\.m2\repository\org\springframework\spring-context\6.2.0\spring-context-6.2.0.jar;C:\Users\hema\.m2\repository\org\springframework\spring-tx\6.2.0\spring-tx-6.2.0.jar;C:\Users\hema\.m2\repository\org\springframework\spring-beans\6.2.0\spring-beans-6.2.0.jar;C:\Users\hema\.m2\repository\org\slf4j\slf4j-api\2.0.16\slf4j-api-2.0.16.jar;C:\Users\hema\.m2\repository\org\springframework\spring-aspects\6.2.0\spring-aspects-6.2.0.jar;C:\Users\hema\.m2\repository\org\aspectj\aspectjweaver\1.9.22.1\aspectjweaver-1.9.22.1.jar;C:\Users\hema\.m2\repository\org\springframework\boot\spring-boot-starter-security\3.4.0\spring-boot-starter-security-3.4.0.jar;C:\Users\hema\.m2\repository\org\springframework\spring-aop\6.2.0\spring-aop-6.2.0.jar;C:\Users\hema\.m2\repository\org\springframework\security\spring-security-config\6.4.1\spring-security-config-6.4.1.jar;C:\Users\hema\.m2\repository\org\springframework\security\spring-security-web\6.4.1\spring-security-web-6.4.1.jar;C:\Users\hema\.m2\repository\org\springframework\spring-expression\6.2.0\spring-expression-6.2.0.jar;C:\Users\hema\.m2\repository\org\springframework\boot\spring-boot-starter-web\3.4.0\spring-boot-starter-web-3.4.0.jar;C:\Users\hema\.m2\repository\org\springframework\boot\spring-boot-starter-json\3.4.0\spring-boot-starter-json-3.4.0.jar;C:\Users\hema\.m2\repository\com\fasterxml\jackson\datatype\jackson-datatype-jdk8\2.18.1\jackson-datatype-jdk8-2.18.1.jar;C:\Users\hema\.m2\repository\com\fasterxml\jackson\datatype\jackson-datatype-jsr310\2.18.1\jackson-datatype-jsr310-2.18.1.jar;C:\Users\hema\.m2\repository\com\fasterxml\jackson\module\jackson-module-parameter-names\2.18.1\jackson-module-parameter-names-2.18.1.jar;C:\Users\hema\.m2\repository\org\springframework\boot\spring-boot-starter-tomcat\3.4.0\spring-boot-starter-tomcat-3.4.0.jar;C:\Users\hema\.m2\repository\org\apache\tomcat\embed\tomcat-embed-core\10.1.33\tomcat-embed-core-10.1.33.jar;C:\Users\hema\.m2\repository\org\apache\tomcat\embed\tomcat-embed-websocket\10.1.33\tomcat-embed-websocket-10.1.33.jar;C:\Users\hema\.m2\repository\org\springframework\spring-web\6.2.0\spring-web-6.2.0.jar;C:\Users\hema\.m2\repository\org\springframework\spring-webmvc\6.2.0\spring-webmvc-6.2.0.jar;C:\Users\hema\.m2\repository\com\mysql\mysql-connector-j\9.1.0\mysql-connector-j-9.1.0.jar;C:\Users\hema\.m2\repository\jakarta\xml\bind\jakarta.xml.bind-api\4.0.2\jakarta.xml.bind-api-4.0.2.jar;C:\Users\hema\.m2\repository\jakarta\activation\jakarta.activation-api\2.1.3\jakarta.activation-api-2.1.3.jar;C:\Users\hema\.m2\repository\org\springframework\spring-core\6.2.0\spring-core-6.2.0.jar;C:\Users\hema\.m2\repository\org\springframework\spring-jcl\6.2.0\spring-jcl-6.2.0.jar;C:\Users\hema\.m2\repository\org\springframework\security\spring-security-core\6.4.1\spring-security-core-6.4.1.jar;C:\Users\hema\.m2\repository\org\springframework\security\spring-security-crypto\6.4.1\spring-security-crypto-6.4.1.jar;C:\Users\hema\.m2\repository\org\projectlombok\lombok\1.18.36\lombok-1.18.36.jar;C:\Users\hema\.m2\repository\org\springframework\boot\spring-boot-starter-validation\3.4.0\spring-boot-starter-validation-3.4.0.jar;C:\Users\hema\.m2\repository\org\apache\tomcat\embed\tomcat-embed-el\10.1.33\tomcat-embed-el-10.1.33.jar;C:\Users\hema\.m2\repository\org\hibernate\validator\hibernate-validator\8.0.1.Final\hibernate-validator-8.0.1.Final.jar;C:\Users\hema\.m2\repository\jakarta\validation\jakarta.validation-api\3.0.2\jakarta.validation-api-3.0.2.jar;C:\Users\hema\.m2\repository\org\springframework\boot\spring-boot-devtools\3.4.0\spring-boot-devtools-3.4.0.jar;C:\Users\hema\.m2\repository\org\springframework\boot\spring-boot\3.4.0\spring-boot-3.4.0.jar;C:\Users\hema\.m2\repository\org\springframework\boot\spring-boot-autoconfigure\3.4.0\spring-boot-autoconfigure-3.4.0.jar;C:\Users\hema\.m2\repository\org\springframework\boot\spring-boot-starter-actuator\3.4.0\spring-boot-starter-actuator-3.4.0.jar;C:\Users\hema\.m2\repository\org\springframework\boot\spring-boot-actuator-autoconfigure\3.4.0\spring-boot-actuator-autoconfigure-3.4.0.jar;C:\Users\hema\.m2\repository\org\springframework\boot\spring-boot-actuator\3.4.0\spring-boot-actuator-3.4.0.jar;C:\Users\hema\.m2\repository\io\micrometer\micrometer-observation\1.14.1\micrometer-observation-1.14.1.jar;C:\Users\hema\.m2\repository\io\micrometer\micrometer-commons\1.14.1\micrometer-commons-1.14.1.jar;C:\Users\hema\.m2\repository\io\micrometer\micrometer-jakarta9\1.14.1\micrometer-jakarta9-1.14.1.jar;C:\Users\hema\.m2\repository\io\micrometer\micrometer-core\1.14.1\micrometer-core-1.14.1.jar;C:\Users\hema\.m2\repository\org\hdrhistogram\HdrHistogram\2.2.2\HdrHistogram-2.2.2.jar;C:\Users\hema\.m2\repository\org\latencyutils\LatencyUtils\2.0.3\LatencyUtils-2.0.3.jar;C:\Users\hema\.m2\repository\org\springframework\boot\spring-boot-starter-mail\3.4.0\spring-boot-starter-mail-3.4.0.jar;C:\Users\hema\.m2\repository\org\springframework\spring-context-support\6.2.0\spring-context-support-6.2.0.jar;C:\Users\hema\.m2\repository\org\eclipse\angus\jakarta.mail\2.0.3\jakarta.mail-2.0.3.jar;C:\Users\hema\.m2\repository\org\eclipse\angus\angus-activation\2.0.2\angus-activation-2.0.2.jar;C:\Users\hema\.m2\repository\org\apache\poi\poi-ooxml\5.2.3\poi-ooxml-5.2.3.jar;C:\Users\hema\.m2\repository\org\apache\poi\poi\5.2.3\poi-5.2.3.jar;C:\Users\hema\.m2\repository\commons-codec\commons-codec\1.17.1\commons-codec-1.17.1.jar;C:\Users\hema\.m2\repository\org\apache\commons\commons-math3\3.6.1\commons-math3-3.6.1.jar;C:\Users\hema\.m2\repository\com\zaxxer\SparseBitSet\1.2\SparseBitSet-1.2.jar;C:\Users\hema\.m2\repository\org\apache\poi\poi-ooxml-lite\5.2.3\poi-ooxml-lite-5.2.3.jar;C:\Users\hema\.m2\repository\org\apache\xmlbeans\xmlbeans\5.1.1\xmlbeans-5.1.1.jar;C:\Users\hema\.m2\repository\org\apache\commons\commons-compress\1.21\commons-compress-1.21.jar;C:\Users\hema\.m2\repository\commons-io\commons-io\2.11.0\commons-io-2.11.0.jar;C:\Users\hema\.m2\repository\com\github\virtuald\curvesapi\1.07\curvesapi-1.07.jar;C:\Users\hema\.m2\repository\org\apache\logging\log4j\log4j-api\2.24.1\log4j-api-2.24.1.jar;C:\Users\hema\.m2\repository\org\apache\commons\commons-collections4\4.4\commons-collections4-4.4.jar;C:\Users\hema\.m2\repository\io\jsonwebtoken\jjwt-api\0.11.5\jjwt-api-0.11.5.jar;C:\Users\hema\.m2\repository\io\jsonwebtoken\jjwt-impl\0.11.5\jjwt-impl-0.11.5.jar;C:\Users\hema\.m2\repository\io\jsonwebtoken\jjwt-jackson\0.11.5\jjwt-jackson-0.11.5.jar;C:\Users\hema\.m2\repository\com\fasterxml\jackson\core\jackson-databind\2.18.1\jackson-databind-2.18.1.jar;C:\Users\hema\.m2\repository\com\fasterxml\jackson\core\jackson-annotations\2.18.1\jackson-annotations-2.18.1.jar;C:\Users\hema\.m2\repository\com\fasterxml\jackson\core\jackson-core\2.18.1\jackson-core-2.18.1.jar
Launcher Type: SUN_STANDARD

[Global flags]
     intx CICompilerCount                          = 3                                         {product} {ergonomic}
     uint ConcGCThreads                            = 1                                         {product} {ergonomic}
     uint G1ConcRefinementThreads                  = 4                                         {product} {ergonomic}
   size_t G1HeapRegionSize                         = 1048576                                   {product} {ergonomic}
   size_t InitialHeapSize                          = 67108864                                  {product} {ergonomic}
     bool ManagementServer                         = true                                      {product} {command line}
   size_t MarkStackSize                            = 4194304                                   {product} {ergonomic}
   size_t MaxHeapSize                              = 1061158912                                {product} {ergonomic}
   size_t MaxNewSize                               = 636485632                                 {product} {ergonomic}
   size_t MinHeapDeltaBytes                        = 1048576                                   {product} {ergonomic}
   size_t MinHeapSize                              = 8388608                                   {product} {ergonomic}
    uintx NonNMethodCodeHeapSize                   = 4096                                   {pd product} {ergonomic}
    uintx NonProfiledCodeHeapSize                  = 0                                      {pd product} {ergonomic}
     bool ProfileInterpreter                       = false                                  {pd product} {command line}
    uintx ProfiledCodeHeapSize                     = 0                                      {pd product} {ergonomic}
   size_t SoftMaxHeapSize                          = 1061158912                             {manageable} {ergonomic}
     intx TieredStopAtLevel                        = 1                                         {product} {command line}
     bool UseCompressedOops                        = true                           {product lp64_product} {ergonomic}
     bool UseG1GC                                  = true                                      {product} {ergonomic}
     bool UseLargePagesIndividualAllocation        = false                                  {pd product} {ergonomic}

Logging:
Log output configuration:
 #0: stdout all=warning uptime,level,tags foldmultilines=false
 #1: stderr all=off uptime,level,tags foldmultilines=false

Environment Variables:
PATH=C:\Program Files\Common Files\Oracle\Java\javapath;C:\Program Files\Eclipse Adoptium\jdk-21.0.5.11-hotspot\bin;C:\Program Files (x86)\Embarcadero\Studio\23.0\bin;C:\Users\Public\Documents\Embarcadero\Studio\23.0\Bpl;C:\Program Files (x86)\Embarcadero\Studio\23.0\bin64;C:\Users\Public\Documents\Embarcadero\Studio\23.0\Bpl\Win64;C:\Program Files (x86)\Common Files\Intel\Shared Libraries\redist\intel64\compiler;C:\WINDOWS\system32;C:\WINDOWS;C:\WINDOWS\System32\Wbem;C:\WINDOWS\System32\WindowsPowerShell\v1.0\;C:\WINDOWS\System32\OpenSSH\;C:\Program Files\dotnet\;C:\Program Files (x86)\Windows Kits\10\Windows Performance Toolkit\;C:\Program Files\Git\cmd;C:\Users\hema\AppData\Local\Programs\Python\Python311\Scripts\;C:\Users\hema\AppData\Local\Programs\Python\Python311\;C:\Users\hema\AppData\Local\Programs\Python\Python310\Scripts\;C:\Users\hema\AppData\Local\Programs\Python\Python310\;C:\Users\hema\AppData\Local\Microsoft\WindowsApps;C:\Users\hema\AppData\Local\Programs\Microsoft VS Code\bin;C:\Users\hema\AppData\Local\JetBrains\Toolbox\scripts
USERNAME=hema
OS=Windows_NT
PROCESSOR_IDENTIFIER=Intel64 Family 6 Model 42 Stepping 7, GenuineIntel
TMP=C:\Users\hema\AppData\Local\Temp
TEMP=C:\Users\hema\AppData\Local\Temp




Periodic native trim disabled

---------------  S Y S T E M  ---------------

OS:
 Windows 10 , 64 bit Build 19041 (10.0.19041.5198)
OS uptime: 6 days 21:45 hours
Hyper-V role detected

CPU: total 4 (initial active 4) (4 cores per cpu, 1 threads per core) family 6 model 42 stepping 7 microcode 0x2f, cx8, cmov, fxsr, mmx, sse, sse2, sse3, ssse3, sse4.1, sse4.2, popcnt, tsc, tscinvbit, avx, aes, clmul, vzeroupper, clflush, hv, rdtscp
Processor Information for all 4 processors :
  Max Mhz: 3101, Current Mhz: 3101, Mhz Limit: 3101

Memory: 4k page, system-wide physical 4040M (110M free)
TotalPageFile size 16328M (AvailPageFile size 44M)
current process WorkingSet (physical memory assigned to process): 256M, peak: 263M
current process commit charge ("private bytes"): 327M, peak: 484M

vm_info: OpenJDK 64-Bit Server VM (22+36-2370) for windows-amd64 JRE (22+36-2370), built on 2024-02-15T22:15:19Z by "mach5one" with MS VC++ 17.6 (VS2022)

END.
